Vivado Simulator v2023.1
Copyright 1986-2022 Xilinx, Inc. All Rights Reserved.
Copyright 2022-2023 Advanced Micro Devices, Inc. All Rights Reserved.
Running: C:/Xilinx/Vivado/2023.1/bin/unwrapped/win64.o/xelab.exe --debug typical --relax --mt 2 -L xil_defaultlib -L unisims_ver -L unimacro_ver -L secureip -L xpm --snapshot video_card_tb_behav xil_defaultlib.video_card_tb xil_defaultlib.glbl -log elaborate.log 
Using 2 slave threads.
Starting static elaboration
Pass Through NonSizing Optimizer
Completed static elaboration
Starting simulation data flow analysis
Completed simulation data flow analysis
Time Resolution for simulation is 1ps
Compiling package std.standard
Compiling package std.textio
Compiling package ieee.std_logic_1164
Compiling package ieee.numeric_std
Compiling package xil_defaultlib.vga_types
Compiling package xil_defaultlib.console_utils
Compiling package xil_defaultlib.test_utils
Compiling package vl.vl_types
Compiling module xil_defaultlib.glbl
Compiling module unisims_ver.IBUF
Compiling module unisims_ver.MMCME2_ADV(CLKFBOUT_MULT_F=36.5,...
Compiling module unisims_ver.BUFG
Compiling module xil_defaultlib.clk_wiz_0_clk_wiz
Compiling module xil_defaultlib.clk_wiz_0
Compiling architecture sync_counter_arch of entity xil_defaultlib.sync_counter [\sync_counter(resolution=((640,1...]
Compiling architecture sync_counter_arch of entity xil_defaultlib.sync_counter [\sync_counter(resolution=((640,1...]
Compiling architecture ram_arch of entity xil_defaultlib.ram [\ram(end_address=32767,init_file...]
Compiling architecture ram_arch of entity xil_defaultlib.ram [\ram(start_address=32768,init_fi...]
Compiling architecture video_card_arch of entity xil_defaultlib.video_card [video_card_default]
Compiling architecture ram_arch of entity xil_defaultlib.ram [\ram(end_address=32767,init_file...]
Compiling architecture ram_arch of entity xil_defaultlib.ram [\ram(start_address=32768,init_fi...]
Compiling architecture video_card_tb_arch of entity xil_defaultlib.video_card_tb
Built simulation snapshot video_card_tb_behav
