
*** Running vivado
    with args -log video_card.vds -m64 -product Vivado -mode batch -messageDb vivado.pb -notrace -source video_card.tcl



****** Vivado v2023.1 (64-bit)
  **** SW Build 3865809 on Sun May  7 15:05:29 MDT 2023
  **** IP Build 3864474 on Sun May  7 20:36:21 MDT 2023
  **** SharedData Build 3865790 on Sun May 07 13:33:03 MDT 2023
    ** Copyright 1986-2022 Xilinx, Inc. All Rights Reserved.
    ** Copyright 2022-2023 Advanced Micro Devices, Inc. All Rights Reserved.

source video_card.tcl -notrace
create_project: Time (s): cpu = 00:00:04 ; elapsed = 00:00:08 . Memory (MB): peak = 1460.215 ; gain = 158.820
Command: read_checkpoint -auto_incremental -incremental C:/Users/dyrge/Documents/EEL4744/video_card/video_card.srcs/utils_1/imports/synth_1/video_card.dcp
INFO: [Vivado 12-5825] Read reference checkpoint from C:/Users/dyrge/Documents/EEL4744/video_card/video_card.srcs/utils_1/imports/synth_1/video_card.dcp for incremental synthesis
INFO: [Vivado 12-7989] Please ensure there are no constraint changes
Command: synth_design -top video_card -part xc7a35tcpg236-1
Starting synth_design
Attempting to get a license for feature 'Synthesis' and/or device 'xc7a35t'
INFO: [Common 17-349] Got license for feature 'Synthesis' and/or device 'xc7a35t'
INFO: [Device 21-403] Loading part xc7a35tcpg236-1
INFO: [Designutils 20-5440] No compile time benefit to using incremental synthesis; A full resynthesis will be run
INFO: [Designutils 20-4379] Flow is switching to default flow due to incremental criteria not met. If you would like to alter this behaviour and have the flow terminate instead, please set the following parameter config_implementation {autoIncr.Synth.RejectBehavior Terminate}
INFO: [Synth 8-7079] Multithreading enabled for synth_design using a maximum of 2 processes.
INFO: [Synth 8-7078] Launching helper process for spawning children vivado processes
INFO: [Synth 8-7075] Helper process launched with PID 26088
---------------------------------------------------------------------------------
Starting RTL Elaboration : Time (s): cpu = 00:00:03 ; elapsed = 00:00:07 . Memory (MB): peak = 2290.434 ; gain = 409.844
---------------------------------------------------------------------------------
INFO: [Synth 8-638] synthesizing module 'video_card' [C:/Users/dyrge/Documents/EEL4744/video_card/video_card.srcs/sources_1/new/video_card.vhd:54]
INFO: [Synth 8-3491] module 'clk_wiz_0' declared at 'C:/Users/dyrge/Documents/EEL4744/video_card/video_card.runs/synth_1/.Xil/Vivado-33060-LAPTOP-JRMFS4PA/realtime/clk_wiz_0_stub.vhdl:6' bound to instance 'CLK_WIZ' of component 'clk_wiz_0' [C:/Users/dyrge/Documents/EEL4744/video_card/video_card.srcs/sources_1/new/video_card.vhd:165]
INFO: [Synth 8-638] synthesizing module 'clk_wiz_0' [C:/Users/dyrge/Documents/EEL4744/video_card/video_card.runs/synth_1/.Xil/Vivado-33060-LAPTOP-JRMFS4PA/realtime/clk_wiz_0_stub.vhdl:16]
	Parameter RESOLUTION bound to: 352'b0000000000000000000000110010000000000000000000000000000000101000000000000000000000000000100000000000000000000000000000000101100000000000000000000000010000100000000000000000000000000010010110000000000000000000000000000000000100000000000000000000000000000100000000000000000000000000000101110000000000000000000000100111010000000010011000100101101000000000 
	Parameter DIR bound to: 1'b0 
INFO: [Synth 8-3491] module 'sync_counter' declared at 'C:/Users/dyrge/Documents/EEL4744/video_card/video_card.srcs/sources_1/new/sync_counter.vhd:30' bound to instance 'HSYNC_COUNTER' of component 'sync_counter' [C:/Users/dyrge/Documents/EEL4744/video_card/video_card.srcs/sources_1/new/video_card.vhd:177]
INFO: [Synth 8-638] synthesizing module 'sync_counter' [C:/Users/dyrge/Documents/EEL4744/video_card/video_card.srcs/sources_1/new/sync_counter.vhd:45]
	Parameter RESOLUTION bound to: 352'b0000000000000000000000110010000000000000000000000000000000101000000000000000000000000000100000000000000000000000000000000101100000000000000000000000010000100000000000000000000000000010010110000000000000000000000000000000000100000000000000000000000000000100000000000000000000000000000101110000000000000000000000100111010000000010011000100101101000000000 
	Parameter DIR bound to: 1'b0 
WARNING: [Synth 8-614] signal 'cnt' is read in the process but is not in the sensitivity list [C:/Users/dyrge/Documents/EEL4744/video_card/video_card.srcs/sources_1/new/sync_counter.vhd:84]
INFO: [Synth 8-256] done synthesizing module 'sync_counter' (0#1) [C:/Users/dyrge/Documents/EEL4744/video_card/video_card.srcs/sources_1/new/sync_counter.vhd:45]
	Parameter RESOLUTION bound to: 352'b0000000000000000000000110010000000000000000000000000000000101000000000000000000000000000100000000000000000000000000000000101100000000000000000000000010000100000000000000000000000000010010110000000000000000000000000000000000100000000000000000000000000000100000000000000000000000000000101110000000000000000000000100111010000000010011000100101101000000000 
	Parameter DIR bound to: 1'b1 
INFO: [Synth 8-3491] module 'sync_counter' declared at 'C:/Users/dyrge/Documents/EEL4744/video_card/video_card.srcs/sources_1/new/sync_counter.vhd:30' bound to instance 'VSYNC_COUNTER' of component 'sync_counter' [C:/Users/dyrge/Documents/EEL4744/video_card/video_card.srcs/sources_1/new/video_card.vhd:192]
INFO: [Synth 8-638] synthesizing module 'sync_counter__parameterized1' [C:/Users/dyrge/Documents/EEL4744/video_card/video_card.srcs/sources_1/new/sync_counter.vhd:45]
	Parameter RESOLUTION bound to: 352'b0000000000000000000000110010000000000000000000000000000000101000000000000000000000000000100000000000000000000000000000000101100000000000000000000000010000100000000000000000000000000010010110000000000000000000000000000000000100000000000000000000000000000100000000000000000000000000000101110000000000000000000000100111010000000010011000100101101000000000 
	Parameter DIR bound to: 1'b1 
WARNING: [Synth 8-614] signal 'cnt' is read in the process but is not in the sensitivity list [C:/Users/dyrge/Documents/EEL4744/video_card/video_card.srcs/sources_1/new/sync_counter.vhd:84]
INFO: [Synth 8-256] done synthesizing module 'sync_counter__parameterized1' (0#1) [C:/Users/dyrge/Documents/EEL4744/video_card/video_card.srcs/sources_1/new/sync_counter.vhd:45]
	Parameter START_ADDRESS bound to: 0 - type: integer 
	Parameter END_ADDRESS bound to: 29999 - type: integer 
	Parameter INIT_FILE bound to: image_3.mif - type: string 
	Parameter READ_ONLY bound to: 1'b1 
INFO: [Synth 8-3491] module 'ram' declared at 'C:/Users/dyrge/Documents/EEL4744/video_card/video_card.srcs/sources_1/new/ram.vhd:28' bound to instance 'VRAM_1' of component 'ram' [C:/Users/dyrge/Documents/EEL4744/video_card/video_card.srcs/sources_1/new/video_card.vhd:206]
INFO: [Synth 8-638] synthesizing module 'ram' [C:/Users/dyrge/Documents/EEL4744/video_card/video_card.srcs/sources_1/new/ram.vhd:44]
	Parameter START_ADDRESS bound to: 0 - type: integer 
	Parameter END_ADDRESS bound to: 29999 - type: integer 
	Parameter INIT_FILE bound to: image_3.mif - type: string 
	Parameter READ_ONLY bound to: 1'b1 
WARNING: [Synth 8-614] signal 'state' is read in the process but is not in the sensitivity list [C:/Users/dyrge/Documents/EEL4744/video_card/video_card.srcs/sources_1/new/ram.vhd:95]
INFO: [Synth 8-256] done synthesizing module 'ram' (0#1) [C:/Users/dyrge/Documents/EEL4744/video_card/video_card.srcs/sources_1/new/ram.vhd:44]
	Parameter START_ADDRESS bound to: 30000 - type: integer 
	Parameter END_ADDRESS bound to: 59999 - type: integer 
	Parameter INIT_FILE bound to: image_4.mif - type: string 
	Parameter READ_ONLY bound to: 1'b1 
INFO: [Synth 8-3491] module 'ram' declared at 'C:/Users/dyrge/Documents/EEL4744/video_card/video_card.srcs/sources_1/new/ram.vhd:28' bound to instance 'VRAM_2' of component 'ram' [C:/Users/dyrge/Documents/EEL4744/video_card/video_card.srcs/sources_1/new/video_card.vhd:221]
INFO: [Synth 8-638] synthesizing module 'ram__parameterized1' [C:/Users/dyrge/Documents/EEL4744/video_card/video_card.srcs/sources_1/new/ram.vhd:44]
	Parameter START_ADDRESS bound to: 30000 - type: integer 
	Parameter END_ADDRESS bound to: 59999 - type: integer 
	Parameter INIT_FILE bound to: image_4.mif - type: string 
	Parameter READ_ONLY bound to: 1'b1 
WARNING: [Synth 8-614] signal 'state' is read in the process but is not in the sensitivity list [C:/Users/dyrge/Documents/EEL4744/video_card/video_card.srcs/sources_1/new/ram.vhd:95]
INFO: [Synth 8-256] done synthesizing module 'ram__parameterized1' (0#1) [C:/Users/dyrge/Documents/EEL4744/video_card/video_card.srcs/sources_1/new/ram.vhd:44]
WARNING: [Synth 8-614] signal 'toggle' is read in the process but is not in the sensitivity list [C:/Users/dyrge/Documents/EEL4744/video_card/video_card.srcs/sources_1/new/video_card.vhd:239]
INFO: [Synth 8-256] done synthesizing module 'video_card' (0#1) [C:/Users/dyrge/Documents/EEL4744/video_card/video_card.srcs/sources_1/new/video_card.vhd:54]
---------------------------------------------------------------------------------
Finished RTL Elaboration : Time (s): cpu = 00:08:27 ; elapsed = 00:13:52 . Memory (MB): peak = 2708.898 ; gain = 828.309
---------------------------------------------------------------------------------
---------------------------------------------------------------------------------
Start Handling Custom Attributes
---------------------------------------------------------------------------------
---------------------------------------------------------------------------------
Finished Handling Custom Attributes : Time (s): cpu = 00:08:27 ; elapsed = 00:13:52 . Memory (MB): peak = 2708.898 ; gain = 828.309
---------------------------------------------------------------------------------
---------------------------------------------------------------------------------
Finished RTL Optimization Phase 1 : Time (s): cpu = 00:08:27 ; elapsed = 00:13:52 . Memory (MB): peak = 2708.898 ; gain = 828.309
---------------------------------------------------------------------------------
Netlist sorting complete. Time (s): cpu = 00:00:00 ; elapsed = 00:00:00.003 . Memory (MB): peak = 2708.898 ; gain = 0.000
INFO: [Project 1-570] Preparing netlist for logic optimization

Processing XDC Constraints
Initializing timing engine
Parsing XDC File [c:/Users/dyrge/Documents/EEL4744/video_card/video_card.gen/sources_1/ip/clk_wiz_0/clk_wiz_0/clk_wiz_0_in_context.xdc] for cell 'CLK_WIZ'
Finished Parsing XDC File [c:/Users/dyrge/Documents/EEL4744/video_card/video_card.gen/sources_1/ip/clk_wiz_0/clk_wiz_0/clk_wiz_0_in_context.xdc] for cell 'CLK_WIZ'
Parsing XDC File [C:/Users/dyrge/Documents/EEL4744/video_card/video_card.srcs/constrs_1/imports/Downloads/Basys-3-Master.xdc]
Finished Parsing XDC File [C:/Users/dyrge/Documents/EEL4744/video_card/video_card.srcs/constrs_1/imports/Downloads/Basys-3-Master.xdc]
INFO: [Project 1-236] Implementation specific constraints were found while reading constraint file [C:/Users/dyrge/Documents/EEL4744/video_card/video_card.srcs/constrs_1/imports/Downloads/Basys-3-Master.xdc]. These constraints will be ignored for synthesis but will be used in implementation. Impacted constraints are listed in the file [.Xil/video_card_propImpl.xdc].
Resolution: To avoid this warning, move constraints listed in [.Xil/video_card_propImpl.xdc] to another XDC file and exclude this new file from synthesis with the used_in_synthesis property (File Properties dialog in GUI) and re-run elaboration/synthesis.
Completed Processing XDC Constraints

Netlist sorting complete. Time (s): cpu = 00:00:00 ; elapsed = 00:00:00 . Memory (MB): peak = 2708.898 ; gain = 0.000
INFO: [Project 1-111] Unisim Transformation Summary:
No Unisim elements were transformed.

Constraint Validation Runtime : Time (s): cpu = 00:00:00 ; elapsed = 00:00:00.011 . Memory (MB): peak = 2708.898 ; gain = 0.000
INFO: [Designutils 20-5440] No compile time benefit to using incremental synthesis; A full resynthesis will be run
INFO: [Designutils 20-4379] Flow is switching to default flow due to incremental criteria not met. If you would like to alter this behaviour and have the flow terminate instead, please set the following parameter config_implementation {autoIncr.Synth.RejectBehavior Terminate}
---------------------------------------------------------------------------------
Finished Constraint Validation : Time (s): cpu = 00:08:32 ; elapsed = 00:14:02 . Memory (MB): peak = 2708.898 ; gain = 828.309
---------------------------------------------------------------------------------
---------------------------------------------------------------------------------
Start Loading Part and Timing Information
---------------------------------------------------------------------------------
Loading part: xc7a35tcpg236-1
---------------------------------------------------------------------------------
Finished Loading Part and Timing Information : Time (s): cpu = 00:08:32 ; elapsed = 00:14:02 . Memory (MB): peak = 2708.898 ; gain = 828.309
---------------------------------------------------------------------------------
---------------------------------------------------------------------------------
Start Applying 'set_property' XDC Constraints
---------------------------------------------------------------------------------
Applied set_property IO_BUFFER_TYPE = NONE for clk_100MHz. (constraint file  c:/Users/dyrge/Documents/EEL4744/video_card/video_card.gen/sources_1/ip/clk_wiz_0/clk_wiz_0/clk_wiz_0_in_context.xdc, line 4).
Applied set_property CLOCK_BUFFER_TYPE = NONE for clk_100MHz. (constraint file  c:/Users/dyrge/Documents/EEL4744/video_card/video_card.gen/sources_1/ip/clk_wiz_0/clk_wiz_0/clk_wiz_0_in_context.xdc, line 5).
Applied set_property KEEP_HIERARCHY = SOFT for CLK_WIZ. (constraint file  auto generated constraint).
---------------------------------------------------------------------------------
Finished applying 'set_property' XDC Constraints : Time (s): cpu = 00:08:32 ; elapsed = 00:14:02 . Memory (MB): peak = 2708.898 ; gain = 828.309
---------------------------------------------------------------------------------
---------------------------------------------------------------------------------
Finished RTL Optimization Phase 2 : Time (s): cpu = 00:08:37 ; elapsed = 00:14:10 . Memory (MB): peak = 2708.898 ; gain = 828.309
---------------------------------------------------------------------------------
---------------------------------------------------------------------------------
Start RTL Component Statistics 
---------------------------------------------------------------------------------
Detailed RTL Component Info : 
+---Adders : 
	   2 Input   16 Bit       Adders := 4     
+---Registers : 
	               16 Bit    Registers := 2     
	                1 Bit    Registers := 2     
+---Multipliers : 
	              16x16  Multipliers := 1     
+---Muxes : 
	   2 Input   16 Bit        Muxes := 3     
	   2 Input    8 Bit        Muxes := 2     
	   2 Input    3 Bit        Muxes := 2     
	   2 Input    2 Bit        Muxes := 1     
	   2 Input    1 Bit        Muxes := 6     
---------------------------------------------------------------------------------
Finished RTL Component Statistics 
---------------------------------------------------------------------------------
---------------------------------------------------------------------------------
Start Part Resource Summary
---------------------------------------------------------------------------------
Part Resources:
DSPs: 90 (col length:60)
BRAMs: 100 (col length: RAMB18 60 RAMB36 30)
---------------------------------------------------------------------------------
Finished Part Resource Summary
---------------------------------------------------------------------------------
---------------------------------------------------------------------------------
Start Cross Boundary and Area Optimization
---------------------------------------------------------------------------------
WARNING: [Synth 8-7080] Parallel synthesis criteria is not met
DSP Report: Generating DSP L, operation Mode is: C+A*(B:0xc8).
DSP Report: operator L is absorbed into DSP L.
DSP Report: operator multOp is absorbed into DSP L.
---------------------------------------------------------------------------------
Finished Cross Boundary and Area Optimization : Time (s): cpu = 00:09:52 ; elapsed = 00:16:10 . Memory (MB): peak = 2708.898 ; gain = 828.309
---------------------------------------------------------------------------------
---------------------------------------------------------------------------------
Start ROM, RAM, DSP, Shift Register and Retiming Reporting
---------------------------------------------------------------------------------

ROM: Preliminary Mapping Report
+------------+---------------+---------------+----------------+
|Module Name | RTL Object    | Depth x Width | Implemented As | 
+------------+---------------+---------------+----------------+
|ram         | RAM[0]        | 32768x8       | LUT            | 
|ram         | RAM[30000]    | 65536x8       | LUT            | 
|video_card  | VRAM_1/RAM[0] | 32768x8       | LUT            | 
+------------+---------------+---------------+----------------+


DSP: Preliminary Mapping Report (see note below. The ' indicates corresponding REG is set)
+------------+--------------+--------+--------+--------+--------+--------+------+------+------+------+-------+------+------+
|Module Name | DSP Mapping  | A Size | B Size | C Size | D Size | P Size | AREG | BREG | CREG | DREG | ADREG | MREG | PREG | 
+------------+--------------+--------+--------+--------+--------+--------+------+------+------+------+-------+------+------+
|video_card  | C+A*(B:0xc8) | 14     | 8      | 14     | -      | 16     | 0    | 0    | 0    | -    | -     | 0    | 0    | 
+------------+--------------+--------+--------+--------+--------+--------+------+------+------+------+-------+------+------+

Note: The table above is a preliminary report that shows the DSPs inferred at the current stage of the synthesis flow. Some DSP may be reimplemented as non DSP primitives later in the synthesis flow. Multiple instantiated DSPs are reported only once.
---------------------------------------------------------------------------------
Finished ROM, RAM, DSP, Shift Register and Retiming Reporting
---------------------------------------------------------------------------------
---------------------------------------------------------------------------------
Start Applying XDC Timing Constraints
---------------------------------------------------------------------------------
---------------------------------------------------------------------------------
Finished Applying XDC Timing Constraints : Time (s): cpu = 00:09:58 ; elapsed = 00:16:20 . Memory (MB): peak = 2708.898 ; gain = 828.309
---------------------------------------------------------------------------------
---------------------------------------------------------------------------------
Start Timing Optimization
---------------------------------------------------------------------------------
---------------------------------------------------------------------------------
Finished Timing Optimization : Time (s): cpu = 00:09:59 ; elapsed = 00:16:21 . Memory (MB): peak = 2708.898 ; gain = 828.309
---------------------------------------------------------------------------------
---------------------------------------------------------------------------------
Start Technology Mapping
---------------------------------------------------------------------------------
---------------------------------------------------------------------------------
Finished Technology Mapping : Time (s): cpu = 00:10:00 ; elapsed = 00:16:23 . Memory (MB): peak = 2709.199 ; gain = 828.609
---------------------------------------------------------------------------------
---------------------------------------------------------------------------------
Start IO Insertion
---------------------------------------------------------------------------------
---------------------------------------------------------------------------------
Start Flattening Before IO Insertion
---------------------------------------------------------------------------------
---------------------------------------------------------------------------------
Finished Flattening Before IO Insertion
---------------------------------------------------------------------------------
---------------------------------------------------------------------------------
Start Final Netlist Cleanup
---------------------------------------------------------------------------------
---------------------------------------------------------------------------------
Finished Final Netlist Cleanup
---------------------------------------------------------------------------------
---------------------------------------------------------------------------------
Finished IO Insertion : Time (s): cpu = 00:10:03 ; elapsed = 00:16:28 . Memory (MB): peak = 2709.199 ; gain = 828.609
---------------------------------------------------------------------------------
---------------------------------------------------------------------------------
Start Renaming Generated Instances
---------------------------------------------------------------------------------
---------------------------------------------------------------------------------
Finished Renaming Generated Instances : Time (s): cpu = 00:10:03 ; elapsed = 00:16:28 . Memory (MB): peak = 2709.199 ; gain = 828.609
---------------------------------------------------------------------------------
---------------------------------------------------------------------------------
Start Rebuilding User Hierarchy
---------------------------------------------------------------------------------
---------------------------------------------------------------------------------
Finished Rebuilding User Hierarchy : Time (s): cpu = 00:10:03 ; elapsed = 00:16:28 . Memory (MB): peak = 2709.199 ; gain = 828.609
---------------------------------------------------------------------------------
---------------------------------------------------------------------------------
Start Renaming Generated Ports
---------------------------------------------------------------------------------
---------------------------------------------------------------------------------
Finished Renaming Generated Ports : Time (s): cpu = 00:10:03 ; elapsed = 00:16:28 . Memory (MB): peak = 2709.199 ; gain = 828.609
---------------------------------------------------------------------------------
---------------------------------------------------------------------------------
Start Handling Custom Attributes
---------------------------------------------------------------------------------
---------------------------------------------------------------------------------
Finished Handling Custom Attributes : Time (s): cpu = 00:10:04 ; elapsed = 00:16:29 . Memory (MB): peak = 2709.199 ; gain = 828.609
---------------------------------------------------------------------------------
---------------------------------------------------------------------------------
Start Renaming Generated Nets
---------------------------------------------------------------------------------
---------------------------------------------------------------------------------
Finished Renaming Generated Nets : Time (s): cpu = 00:10:04 ; elapsed = 00:16:29 . Memory (MB): peak = 2709.199 ; gain = 828.609
---------------------------------------------------------------------------------
---------------------------------------------------------------------------------
Start Writing Synthesis Report
---------------------------------------------------------------------------------

DSP Final Report (the ' indicates corresponding REG is set)
+------------+-------------+--------+--------+--------+--------+--------+------+------+------+------+-------+------+------+
|Module Name | DSP Mapping | A Size | B Size | C Size | D Size | P Size | AREG | BREG | CREG | DREG | ADREG | MREG | PREG | 
+------------+-------------+--------+--------+--------+--------+--------+------+------+------+------+-------+------+------+
|video_card  | C+A*B       | 14     | 8      | 14     | -      | 16     | 0    | 0    | 0    | -    | -     | 0    | 0    | 
+------------+-------------+--------+--------+--------+--------+--------+------+------+------+------+-------+------+------+


Report BlackBoxes: 
+------+--------------+----------+
|      |BlackBox name |Instances |
+------+--------------+----------+
|1     |clk_wiz_0     |         1|
+------+--------------+----------+

Report Cell Usage: 
+------+---------------+------+
|      |Cell           |Count |
+------+---------------+------+
|1     |clk_wiz_0_bbox |     1|
|2     |CARRY4         |    17|
|3     |DSP48E1        |     1|
|4     |LUT1           |     1|
|5     |LUT2           |    94|
|6     |LUT3           |    73|
|7     |LUT4           |   162|
|8     |LUT5           |   259|
|9     |LUT6           |  2694|
|10    |MUXF7          |   671|
|11    |MUXF8          |   230|
|12    |FDCE           |    34|
|13    |FDRE           |    17|
|14    |IBUF           |     2|
|15    |OBUF           |    10|
+------+---------------+------+
---------------------------------------------------------------------------------
Finished Writing Synthesis Report : Time (s): cpu = 00:10:04 ; elapsed = 00:16:30 . Memory (MB): peak = 2709.199 ; gain = 828.609
---------------------------------------------------------------------------------
Synthesis finished with 0 errors, 0 critical warnings and 1 warnings.
Synthesis Optimization Runtime : Time (s): cpu = 00:01:36 ; elapsed = 00:16:27 . Memory (MB): peak = 2709.199 ; gain = 828.609
Synthesis Optimization Complete : Time (s): cpu = 00:10:04 ; elapsed = 00:16:30 . Memory (MB): peak = 2709.199 ; gain = 828.609
INFO: [Project 1-571] Translating synthesized netlist
Netlist sorting complete. Time (s): cpu = 00:00:00 ; elapsed = 00:00:00.051 . Memory (MB): peak = 2721.062 ; gain = 0.000
INFO: [Netlist 29-17] Analyzing 919 Unisim elements for replacement
INFO: [Netlist 29-28] Unisim Transformation completed in 0 CPU seconds
INFO: [Project 1-570] Preparing netlist for logic optimization
INFO: [Opt 31-138] Pushed 0 inverter(s) to 0 load pin(s).
Netlist sorting complete. Time (s): cpu = 00:00:00 ; elapsed = 00:00:00.001 . Memory (MB): peak = 2724.742 ; gain = 0.000
INFO: [Project 1-111] Unisim Transformation Summary:
No Unisim elements were transformed.

Synth Design complete | Checksum: 12db4831
INFO: [Common 17-83] Releasing license: Synthesis
37 Infos, 6 Warnings, 0 Critical Warnings and 0 Errors encountered.
synth_design completed successfully
synth_design: Time (s): cpu = 00:10:07 ; elapsed = 00:16:37 . Memory (MB): peak = 2724.742 ; gain = 1224.281
INFO: [Common 17-1381] The checkpoint 'C:/Users/dyrge/Documents/EEL4744/video_card/video_card.runs/synth_1/video_card.dcp' has been generated.
INFO: [runtcl-4] Executing : report_utilization -file video_card_utilization_synth.rpt -pb video_card_utilization_synth.pb
INFO: [Common 17-206] Exiting Vivado at Thu Nov 30 21:27:03 2023...
